<?xml version="1.0" encoding="UTF-8"?>
<!-- Generated by org.testng.reporters.JUnitReportReporter -->
<testsuite hostname="DESKTOP-QAMDQO9" failures="0" tests="13" name="testPages.HomepageTest" time="25.261" errors="0" timestamp="2023-01-03T11:52:58 EST" skipped="12">
  <testcase classname="testPages.HomepageTest" name="use_of_selected_in_check_box" time="25.261"/>
  <system-out/>
  <testcase classname="testPages.HomepageTest" name="clickPersonalInsurance">
    <skipped/>
  </testcase> <!-- clickPersonalInsurance -->
  <system-out/>
  <testcase classname="testPages.HomepageTest" name="use_of_clear_method">
    <skipped/>
  </testcase> <!-- use_of_clear_method -->
  <system-out/>
  <testcase classname="testPages.HomepageTest" name="click_retrieve_a_new_quote">
    <skipped/>
  </testcase> <!-- click_retrieve_a_new_quote -->
  <system-out/>
  <testcase classname="testPages.HomepageTest" name="clickLogInButton01Test">
    <skipped/>
  </testcase> <!-- clickLogInButton01Test -->
  <system-out/>
  <testcase classname="testPages.HomepageTest" name="use_of_get_attribute_method">
    <skipped/>
  </testcase> <!-- use_of_get_attribute_method -->
  <system-out/>
  <testcase classname="testPages.HomepageTest" name="logotest">
    <skipped/>
  </testcase> <!-- logotest -->
  <system-out/>
  <testcase classname="testPages.HomepageTest" name="clickWatchVideo">
    <skipped/>
  </testcase> <!-- clickWatchVideo -->
  <system-out/>
  <testcase classname="testPages.HomepageTest" name="logo_test_by_Css_Selector">
    <skipped/>
  </testcase> <!-- logo_test_by_Css_Selector -->
  <system-out/>
  <testcase classname="testPages.HomepageTest" name="use_of_get_text">
    <skipped/>
  </testcase> <!-- use_of_get_text -->
  <system-out/>
  <testcase classname="testPages.HomepageTest" name="login_button_is_enable_by_Css_Selector">
    <skipped/>
  </testcase> <!-- login_button_is_enable_by_Css_Selector -->
  <system-out/>
  <testcase classname="testPages.HomepageTest" name="use_of_get_current_url_method">
    <skipped/>
  </testcase> <!-- use_of_get_current_url_method -->
  <system-out/>
  <testcase classname="testPages.HomepageTest" name="use_of_title">
    <skipped/>
  </testcase> <!-- use_of_title -->
  <system-out/>
</testsuite> <!-- testPages.HomepageTest -->
